2015-01-15 10:59:57.0312 INFO http-bio-8080-exec-3 org.springframework.context.annotation.ClassPathBeanDefinitionScanner – JSR-250 'javax.annotation.ManagedBean' found and supported for component scanning
2015-01-15 10:59:57.0391 INFO http-bio-8080-exec-3 org.springframework.beans.factory.xml.XmlBeanDefinitionReader – Loading XML bean definitions from ServletContext resource [/WEB-INF/datasource-context.xml]
2015-01-15 10:59:57.0449 INFO http-bio-8080-exec-3 org.springframework.beans.factory.xml.XmlBeanDefinitionReader – Loading XML bean definitions from ServletContext resource [/WEB-INF/security-context.xml]
2015-01-15 10:59:57.0485 INFO http-bio-8080-exec-3 org.springframework.security.core.SpringSecurityCoreVersion – You are running with Spring Security Core 3.0.5.RELEASE
2015-01-15 10:59:57.0485 INFO http-bio-8080-exec-3 org.springframework.security.config.SecurityNamespaceHandler – Spring Security 'config' module version is 3.0.5.RELEASE
2015-01-15 10:59:57.0546 INFO http-bio-8080-exec-3 org.springframework.security.config.http.HttpSecurityBeanDefinitionParser – Checking sorted filter chain: [Root bean: class [org.springframework.security.web.context.SecurityContextPersistenceFilter]; scope=; abstract=false; lazyInit=false; autowireMode=0; dependencyCheck=0; autowireCandidate=true; primary=false; factoryBeanName=null; factoryMethodName=null; initMethodName=null; destroyMethodName=null, order = 300, Root bean: class [org.springframework.security.web.authentication.logout.LogoutFilter]; scope=; abstract=false; lazyInit=false; autowireMode=0; dependencyCheck=0; autowireCandidate=true; primary=false; factoryBeanName=null; factoryMethodName=null; initMethodName=null; destroyMethodName=null, order = 400, Root bean: class [org.springframework.security.web.authentication.UsernamePasswordAuthenticationFilter]; scope=; abstract=false; lazyInit=false; autowireMode=0; dependencyCheck=0; autowireCandidate=true; primary=false; factoryBeanName=null; factoryMethodName=null; initMethodName=null; destroyMethodName=null, order = 800, Root bean: class [org.springframework.security.web.authentication.www.BasicAuthenticationFilter]; scope=; abstract=false; lazyInit=false; autowireMode=0; dependencyCheck=0; autowireCandidate=true; primary=false; factoryBeanName=null; factoryMethodName=null; initMethodName=null; destroyMethodName=null, order = 1200, Root bean: class [org.springframework.security.web.savedrequest.RequestCacheAwareFilter]; scope=; abstract=false; lazyInit=false; autowireMode=0; dependencyCheck=0; autowireCandidate=true; primary=false; factoryBeanName=null; factoryMethodName=null; initMethodName=null; destroyMethodName=null, order = 1300, Root bean: class [org.springframework.security.web.servletapi.SecurityContextHolderAwareRequestFilter]; scope=; abstract=false; lazyInit=false; autowireMode=0; dependencyCheck=0; autowireCandidate=true; primary=false; factoryBeanName=null; factoryMethodName=null; initMethodName=null; destroyMethodName=null, order = 1400, Root bean: class [org.springframework.security.web.authentication.AnonymousAuthenticationFilter]; scope=; abstract=false; lazyInit=false; autowireMode=0; dependencyCheck=0; autowireCandidate=true; primary=false; factoryBeanName=null; factoryMethodName=null; initMethodName=null; destroyMethodName=null, order = 1600, Root bean: class [org.springframework.security.web.session.SessionManagementFilter]; scope=; abstract=false; lazyInit=false; autowireMode=0; dependencyCheck=0; autowireCandidate=true; primary=false; factoryBeanName=null; factoryMethodName=null; initMethodName=null; destroyMethodName=null, order = 1700, Root bean: class [org.springframework.security.web.access.ExceptionTranslationFilter]; scope=; abstract=false; lazyInit=false; autowireMode=0; dependencyCheck=0; autowireCandidate=true; primary=false; factoryBeanName=null; factoryMethodName=null; initMethodName=null; destroyMethodName=null, order = 1800, <org.springframework.security.web.access.intercept.FilterSecurityInterceptor#0>, order = 1900]
2015-01-15 10:59:57.0808 INFO http-bio-8080-exec-3 org.springframework.web.context.support.XmlWebApplicationContext – Bean 'org.springframework.transaction.annotation.AnnotationTransactionAttributeSource#0' of type [class org.springframework.transaction.annotation.AnnotationTransactionAttributeSource] is not eligible for getting processed by all BeanPostProcessors (for example: not eligible for auto-proxying)
2015-01-15 10:59:57.0829 INFO http-bio-8080-exec-3 org.springframework.web.context.support.XmlWebApplicationContext – Bean '(inner bean)' of type [class org.springframework.security.access.annotation.SecuredAnnotationSecurityMetadataSource] is not eligible for getting processed by all BeanPostProcessors (for example: not eligible for auto-proxying)
2015-01-15 10:59:57.0830 INFO http-bio-8080-exec-3 org.springframework.web.context.support.XmlWebApplicationContext – Bean 'org.springframework.security.access.method.DelegatingMethodSecurityMetadataSource#0' of type [class org.springframework.security.access.method.DelegatingMethodSecurityMetadataSource] is not eligible for getting processed by all BeanPostProcessors (for example: not eligible for auto-proxying)
2015-01-15 10:59:57.0847 INFO http-bio-8080-exec-3 org.springframework.web.context.support.XmlWebApplicationContext – Bean 'org.springframework.security.methodSecurityMetadataSourceAdvisor' of type [class org.springframework.security.access.intercept.aopalliance.MethodSecurityMetadataSourceAdvisor] is not eligible for getting processed by all BeanPostProcessors (for example: not eligible for auto-proxying)
2015-01-15 10:59:57.0858 INFO http-bio-8080-exec-3 org.springframework.web.context.support.XmlWebApplicationContext – Bean 'org.springframework.transaction.config.internalTransactionAdvisor' of type [class org.springframework.transaction.interceptor.BeanFactoryTransactionAttributeSourceAdvisor] is not eligible for getting processed by all BeanPostProcessors (for example: not eligible for auto-proxying)
2015-01-15 10:59:57.0872 INFO http-bio-8080-exec-3 org.springframework.beans.factory.support.DefaultListableBeanFactory – Pre-instantiating singletons in org.springframework.beans.factory.support.DefaultListableBeanFactory@a0a441: defining beans [org.springframework.context.annotation.internalConfigurationAnnotationProcessor,org.springframework.context.annotation.internalAutowiredAnnotationProcessor,org.springframework.context.annotation.internalRequiredAnnotationProcessor,org.springframework.context.annotation.internalCommonAnnotationProcessor,org.springframework.context.annotation.internalPersistenceAnnotationProcessor,greetingController,hibernateGreetingDao,greetingService,org.springframework.web.servlet.mvc.annotation.DefaultAnnotationHandlerMapping#0,org.springframework.format.support.FormattingConversionServiceFactoryBean#0,org.springframework.web.servlet.mvc.annotation.AnnotationMethodHandlerAdapter#0,org.springframework.web.servlet.handler.MappedInterceptor#0,sessionFactory,dataSource,org.springframework.aop.config.internalAutoProxyCreator,org.springframework.transaction.annotation.AnnotationTransactionAttributeSource#0,org.springframework.transaction.interceptor.TransactionInterceptor#0,org.springframework.transaction.config.internalTransactionAdvisor,transactionManager,org.springframework.security.access.method.DelegatingMethodSecurityMetadataSource#0,org.springframework.security.access.vote.AffirmativeBased#0,org.springframework.security.access.intercept.aopalliance.MethodSecurityInterceptor#0,org.springframework.security.methodSecurityMetadataSourceAdvisor,org.springframework.security.web.PortMapperImpl#0,org.springframework.security.web.context.HttpSessionSecurityContextRepository#0,org.springframework.security.web.authentication.session.SessionFixationProtectionStrategy#0,org.springframework.security.authentication.ProviderManager#0,org.springframework.security.access.vote.AffirmativeBased#1,org.springframework.security.web.access.intercept.FilterSecurityInterceptor#0,org.springframework.security.web.access.DefaultWebInvocationPrivilegeEvaluator#0,org.springframework.security.authentication.AnonymousAuthenticationProvider#0,org.springframework.security.web.savedrequest.HttpSessionRequestCache#0,org.springframework.security.web.authentication.www.BasicAuthenticationEntryPoint#0,org.springframework.security.web.authentication.UsernamePasswordAuthenticationFilter#0,org.springframework.security.config.http.UserDetailsServiceInjectionBeanPostProcessor#0,org.springframework.security.filterChainProxy,org.springframework.security.web.access.expression.DefaultWebSecurityExpressionHandler#0,org.springframework.security.provisioning.JdbcUserDetailsManager#0,org.springframework.security.authentication.dao.DaoAuthenticationProvider#0,org.springframework.security.authentication.DefaultAuthenticationEventPublisher#0,org.springframework.security.authenticationManager,greetingDao]; root of factory hierarchy
2015-01-15 10:59:57.0990 INFO http-bio-8080-exec-3 org.hibernate.cfg.annotations.Version – Hibernate Annotations 3.4.0.GA
2015-01-15 10:59:57.0998 INFO http-bio-8080-exec-3 org.hibernate.cfg.Environment – Hibernate 3.3.2.GA
2015-01-15 10:59:57.0999 INFO http-bio-8080-exec-3 org.hibernate.cfg.Environment – hibernate.properties not found
2015-01-15 10:59:58.0002 INFO http-bio-8080-exec-3 org.hibernate.cfg.Environment – Bytecode provider name : javassist
2015-01-15 10:59:58.0005 INFO http-bio-8080-exec-3 org.hibernate.cfg.Environment – using JDK 1.4 java.sql.Timestamp handling
2015-01-15 10:59:58.0066 INFO http-bio-8080-exec-3 org.hibernate.annotations.common.Version – Hibernate Commons Annotations 3.1.0.GA
2015-01-15 10:59:58.0133 INFO http-bio-8080-exec-3 org.hibernate.cfg.AnnotationBinder – Binding entity from annotated class: com.uniksoft.domain.Greeting
2015-01-15 10:59:58.0165 INFO http-bio-8080-exec-3 org.hibernate.cfg.annotations.EntityBinder – Bind entity com.uniksoft.domain.Greeting on table greeting
2015-01-15 10:59:58.0220 INFO http-bio-8080-exec-3 org.hibernate.cfg.AnnotationConfiguration – Hibernate Validator not found: ignoring
2015-01-15 10:59:58.0221 INFO http-bio-8080-exec-3 org.springframework.orm.hibernate3.annotation.AnnotationSessionFactoryBean – Building new Hibernate SessionFactory
2015-01-15 10:59:58.0229 INFO http-bio-8080-exec-3 org.hibernate.cfg.search.HibernateSearchEventListenerRegister – Unable to find org.hibernate.search.event.FullTextIndexEventListener on the classpath. Hibernate Search is not enabled.
2015-01-15 10:59:58.0266 INFO http-bio-8080-exec-3 org.hibernate.connection.ConnectionProviderFactory – Initializing connection provider: org.springframework.orm.hibernate3.LocalDataSourceConnectionProvider
2015-01-15 10:59:58.0594 INFO http-bio-8080-exec-3 org.hibernate.cfg.SettingsFactory – RDBMS: HSQL Database Engine, version: 2.3.2
2015-01-15 10:59:58.0594 INFO http-bio-8080-exec-3 org.hibernate.cfg.SettingsFactory – JDBC driver: HSQL Database Engine Driver, version: 2.3.2
2015-01-15 10:59:58.0614 INFO http-bio-8080-exec-3 org.hibernate.dialect.Dialect – Using dialect: org.hibernate.dialect.HSQLDialect
2015-01-15 10:59:58.0618 INFO http-bio-8080-exec-3 org.hibernate.transaction.TransactionFactoryFactory – Transaction strategy: org.springframework.orm.hibernate3.SpringTransactionFactory
2015-01-15 10:59:58.0619 INFO http-bio-8080-exec-3 org.hibernate.transaction.TransactionManagerLookupFactory – No TransactionManagerLookup configured (in JTA environment, use of read-write or transactional second-level cache is not recommended)
2015-01-15 10:59:58.0619 INFO http-bio-8080-exec-3 org.hibernate.cfg.SettingsFactory – Automatic flush during beforeCompletion(): disabled
2015-01-15 10:59:58.0619 INFO http-bio-8080-exec-3 org.hibernate.cfg.SettingsFactory – Automatic session close at end of transaction: disabled
2015-01-15 10:59:58.0619 INFO http-bio-8080-exec-3 org.hibernate.cfg.SettingsFactory – JDBC batch size: 15
2015-01-15 10:59:58.0619 INFO http-bio-8080-exec-3 org.hibernate.cfg.SettingsFactory – JDBC batch updates for versioned data: disabled
2015-01-15 10:59:58.0620 INFO http-bio-8080-exec-3 org.hibernate.cfg.SettingsFactory – Scrollable result sets: enabled
2015-01-15 10:59:58.0620 INFO http-bio-8080-exec-3 org.hibernate.cfg.SettingsFactory – JDBC3 getGeneratedKeys(): enabled
2015-01-15 10:59:58.0620 INFO http-bio-8080-exec-3 org.hibernate.cfg.SettingsFactory – Connection release mode: auto
2015-01-15 10:59:58.0620 INFO http-bio-8080-exec-3 org.hibernate.cfg.SettingsFactory – Default batch fetch size: 1
2015-01-15 10:59:58.0620 INFO http-bio-8080-exec-3 org.hibernate.cfg.SettingsFactory – Generate SQL with comments: disabled
2015-01-15 10:59:58.0620 INFO http-bio-8080-exec-3 org.hibernate.cfg.SettingsFactory – Order SQL updates by primary key: disabled
2015-01-15 10:59:58.0620 INFO http-bio-8080-exec-3 org.hibernate.cfg.SettingsFactory – Order SQL inserts for batching: disabled
2015-01-15 10:59:58.0621 INFO http-bio-8080-exec-3 org.hibernate.cfg.SettingsFactory – Query translator: org.hibernate.hql.ast.ASTQueryTranslatorFactory
2015-01-15 10:59:58.0622 INFO http-bio-8080-exec-3 org.hibernate.hql.ast.ASTQueryTranslatorFactory – Using ASTQueryTranslatorFactory
2015-01-15 10:59:58.0622 INFO http-bio-8080-exec-3 org.hibernate.cfg.SettingsFactory – Query language substitutions: {}
2015-01-15 10:59:58.0622 INFO http-bio-8080-exec-3 org.hibernate.cfg.SettingsFactory – JPA-QL strict compliance: disabled
2015-01-15 10:59:58.0622 INFO http-bio-8080-exec-3 org.hibernate.cfg.SettingsFactory – Second-level cache: enabled
2015-01-15 10:59:58.0622 INFO http-bio-8080-exec-3 org.hibernate.cfg.SettingsFactory – Query cache: disabled
2015-01-15 10:59:58.0622 INFO http-bio-8080-exec-3 org.hibernate.cfg.SettingsFactory – Cache region factory : org.hibernate.cache.impl.NoCachingRegionFactory
2015-01-15 10:59:58.0622 INFO http-bio-8080-exec-3 org.hibernate.cfg.SettingsFactory – Optimize cache for minimal puts: disabled
2015-01-15 10:59:58.0623 INFO http-bio-8080-exec-3 org.hibernate.cfg.SettingsFactory – Structured second-level cache entries: disabled
2015-01-15 10:59:58.0629 INFO http-bio-8080-exec-3 org.hibernate.cfg.SettingsFactory – Echoing all SQL to stdout
2015-01-15 10:59:58.0631 INFO http-bio-8080-exec-3 org.hibernate.cfg.SettingsFactory – Statistics: disabled
2015-01-15 10:59:58.0632 INFO http-bio-8080-exec-3 org.hibernate.cfg.SettingsFactory – Deleted entity synthetic identifier rollback: disabled
2015-01-15 10:59:58.0632 INFO http-bio-8080-exec-3 org.hibernate.cfg.SettingsFactory – Default entity-mode: pojo
2015-01-15 10:59:58.0632 INFO http-bio-8080-exec-3 org.hibernate.cfg.SettingsFactory – Named query checking : enabled
2015-01-15 10:59:58.0669 INFO http-bio-8080-exec-3 org.hibernate.impl.SessionFactoryImpl – building session factory
2015-01-15 10:59:58.0827 INFO http-bio-8080-exec-3 org.hibernate.impl.SessionFactoryObjectFactory – Not binding factory to JNDI, no JNDI name configured
2015-01-15 10:59:58.0839 INFO http-bio-8080-exec-3 org.hibernate.tool.hbm2ddl.SchemaExport – Running hbm2ddl schema export
2015-01-15 10:59:58.0839 INFO http-bio-8080-exec-3 org.hibernate.tool.hbm2ddl.SchemaExport – exporting generated schema to database
2015-01-15 10:59:58.0842 INFO http-bio-8080-exec-3 org.hibernate.tool.hbm2ddl.SchemaExport – schema export complete
2015-01-15 10:59:59.0047 INFO http-bio-8080-exec-3 org.springframework.security.access.intercept.aopalliance.MethodSecurityInterceptor – Validated configuration attributes
2015-01-15 10:59:59.0134 INFO http-bio-8080-exec-3 org.springframework.web.servlet.mvc.annotation.DefaultAnnotationHandlerMapping – Mapped URL path [/home/restrictedarea.html] onto handler 'greetingController'
2015-01-15 10:59:59.0134 INFO http-bio-8080-exec-3 org.springframework.web.servlet.mvc.annotation.DefaultAnnotationHandlerMapping – Mapped URL path [/home/greetings.html] onto handler 'greetingController'
2015-01-15 10:59:59.0134 INFO http-bio-8080-exec-3 org.springframework.web.servlet.mvc.annotation.DefaultAnnotationHandlerMapping – Mapped URL path [/home/addgreeting.html] onto handler 'greetingController'
2015-01-15 10:59:59.0272 INFO http-bio-8080-exec-3 org.springframework.orm.hibernate3.HibernateTransactionManager – Using DataSource [org.apache.commons.dbcp.BasicDataSource@f02b0d] of Hibernate SessionFactory for HibernateTransactionManager
2015-01-15 10:59:59.0330 INFO http-bio-8080-exec-3 org.springframework.security.provisioning.JdbcUserDetailsManager – No authentication manager set. Reauthentication of users when changing passwords will not be performed.
2015-01-15 10:59:59.0408 INFO http-bio-8080-exec-3 org.springframework.security.web.access.intercept.FilterSecurityInterceptor – Validated configuration attributes
2015-01-15 10:59:59.0575 INFO http-bio-8080-exec-3 org.springframework.web.context.ContextLoader – Root WebApplicationContext: initialization completed in 2431 ms
2015-01-15 10:59:59.0585 INFO http-bio-8080-exec-3 org.springframework.web.servlet.DispatcherServlet – FrameworkServlet 'greeter': initialization started
2015-01-15 10:59:59.0587 INFO http-bio-8080-exec-3 org.springframework.web.context.support.XmlWebApplicationContext – Refreshing WebApplicationContext for namespace 'greeter-servlet': startup date [Thu Jan 15 10:59:59 ECT 2015]; parent: Root WebApplicationContext
2015-01-15 10:59:59.0587 INFO http-bio-8080-exec-3 org.springframework.beans.factory.xml.XmlBeanDefinitionReader – Loading XML bean definitions from ServletContext resource [/WEB-INF/greeter-servlet.xml]
2015-01-15 10:59:59.0617 INFO http-bio-8080-exec-3 org.springframework.beans.factory.support.DefaultListableBeanFactory – Pre-instantiating singletons in org.springframework.beans.factory.support.DefaultListableBeanFactory@169161: defining beans [viewResolver]; parent: org.springframework.beans.factory.support.DefaultListableBeanFactory@a0a441
2015-01-15 10:59:59.0653 INFO http-bio-8080-exec-3 org.springframework.web.servlet.DispatcherServlet – FrameworkServlet 'greeter': initialization completed in 68 ms
2015-01-15 11:00:30.0730 INFO http-bio-8080-exec-10 org.springframework.web.context.support.XmlWebApplicationContext – Closing WebApplicationContext for namespace 'greeter-servlet': startup date [Thu Jan 15 10:59:59 ECT 2015]; parent: Root WebApplicationContext
2015-01-15 11:00:30.0732 INFO http-bio-8080-exec-10 org.springframework.beans.factory.support.DefaultListableBeanFactory – Destroying singletons in org.springframework.beans.factory.support.DefaultListableBeanFactory@169161: defining beans [viewResolver]; parent: org.springframework.beans.factory.support.DefaultListableBeanFactory@a0a441
2015-01-15 11:00:30.0733 INFO http-bio-8080-exec-10 org.springframework.web.context.support.XmlWebApplicationContext – Closing Root WebApplicationContext: startup date [Thu Jan 15 10:59:57 ECT 2015]; root of context hierarchy
2015-01-15 11:00:30.0737 INFO http-bio-8080-exec-10 org.springframework.beans.factory.support.DefaultListableBeanFactory – Destroying singletons in org.springframework.beans.factory.support.DefaultListableBeanFactory@a0a441: defining beans [org.springframework.context.annotation.internalConfigurationAnnotationProcessor,org.springframework.context.annotation.internalAutowiredAnnotationProcessor,org.springframework.context.annotation.internalRequiredAnnotationProcessor,org.springframework.context.annotation.internalCommonAnnotationProcessor,org.springframework.context.annotation.internalPersistenceAnnotationProcessor,greetingController,hibernateGreetingDao,greetingService,org.springframework.web.servlet.mvc.annotation.DefaultAnnotationHandlerMapping#0,org.springframework.format.support.FormattingConversionServiceFactoryBean#0,org.springframework.web.servlet.mvc.annotation.AnnotationMethodHandlerAdapter#0,org.springframework.web.servlet.handler.MappedInterceptor#0,sessionFactory,dataSource,org.springframework.aop.config.internalAutoProxyCreator,org.springframework.transaction.annotation.AnnotationTransactionAttributeSource#0,org.springframework.transaction.interceptor.TransactionInterceptor#0,org.springframework.transaction.config.internalTransactionAdvisor,transactionManager,org.springframework.security.access.method.DelegatingMethodSecurityMetadataSource#0,org.springframework.security.access.vote.AffirmativeBased#0,org.springframework.security.access.intercept.aopalliance.MethodSecurityInterceptor#0,org.springframework.security.methodSecurityMetadataSourceAdvisor,org.springframework.security.web.PortMapperImpl#0,org.springframework.security.web.context.HttpSessionSecurityContextRepository#0,org.springframework.security.web.authentication.session.SessionFixationProtectionStrategy#0,org.springframework.security.authentication.ProviderManager#0,org.springframework.security.access.vote.AffirmativeBased#1,org.springframework.security.web.access.intercept.FilterSecurityInterceptor#0,org.springframework.security.web.access.DefaultWebInvocationPrivilegeEvaluator#0,org.springframework.security.authentication.AnonymousAuthenticationProvider#0,org.springframework.security.web.savedrequest.HttpSessionRequestCache#0,org.springframework.security.web.authentication.www.BasicAuthenticationEntryPoint#0,org.springframework.security.web.authentication.UsernamePasswordAuthenticationFilter#0,org.springframework.security.config.http.UserDetailsServiceInjectionBeanPostProcessor#0,org.springframework.security.filterChainProxy,org.springframework.security.web.access.expression.DefaultWebSecurityExpressionHandler#0,org.springframework.security.provisioning.JdbcUserDetailsManager#0,org.springframework.security.authentication.dao.DaoAuthenticationProvider#0,org.springframework.security.authentication.DefaultAuthenticationEventPublisher#0,org.springframework.security.authenticationManager,greetingDao]; root of factory hierarchy
2015-01-15 11:00:30.0805 INFO http-bio-8080-exec-10 org.springframework.orm.hibernate3.annotation.AnnotationSessionFactoryBean – Closing Hibernate SessionFactory
2015-01-15 11:00:30.0813 INFO http-bio-8080-exec-10 org.hibernate.impl.SessionFactoryImpl – closing
2015-01-15 11:00:34.0177 INFO http-bio-8080-exec-10 org.springframework.web.context.ContextLoader – Root WebApplicationContext: initialization started
2015-01-15 11:00:34.0203 INFO http-bio-8080-exec-10 org.springframework.web.context.support.XmlWebApplicationContext – Refreshing Root WebApplicationContext: startup date [Thu Jan 15 11:00:34 ECT 2015]; root of context hierarchy
2015-01-15 11:00:34.0245 INFO http-bio-8080-exec-10 org.springframework.beans.factory.xml.XmlBeanDefinitionReader – Loading XML bean definitions from ServletContext resource [/WEB-INF/applicationContext.xml]
2015-01-15 11:00:34.0328 INFO http-bio-8080-exec-10 org.springframework.context.annotation.ClassPathBeanDefinitionScanner – JSR-250 'javax.annotation.ManagedBean' found and supported for component scanning
2015-01-15 11:00:34.0408 INFO http-bio-8080-exec-10 org.springframework.beans.factory.xml.XmlBeanDefinitionReader – Loading XML bean definitions from ServletContext resource [/WEB-INF/datasource-context.xml]
2015-01-15 11:00:34.0467 INFO http-bio-8080-exec-10 org.springframework.beans.factory.xml.XmlBeanDefinitionReader – Loading XML bean definitions from ServletContext resource [/WEB-INF/security-context.xml]
2015-01-15 11:00:34.0500 INFO http-bio-8080-exec-10 org.springframework.security.core.SpringSecurityCoreVersion – You are running with Spring Security Core 3.0.5.RELEASE
2015-01-15 11:00:34.0500 INFO http-bio-8080-exec-10 org.springframework.security.config.SecurityNamespaceHandler – Spring Security 'config' module version is 3.0.5.RELEASE
2015-01-15 11:00:34.0565 INFO http-bio-8080-exec-10 org.springframework.security.config.http.HttpSecurityBeanDefinitionParser – Checking sorted filter chain: [Root bean: class [org.springframework.security.web.context.SecurityContextPersistenceFilter]; scope=; abstract=false; lazyInit=false; autowireMode=0; dependencyCheck=0; autowireCandidate=true; primary=false; factoryBeanName=null; factoryMethodName=null; initMethodName=null; destroyMethodName=null, order = 300, Root bean: class [org.springframework.security.web.authentication.logout.LogoutFilter]; scope=; abstract=false; lazyInit=false; autowireMode=0; dependencyCheck=0; autowireCandidate=true; primary=false; factoryBeanName=null; factoryMethodName=null; initMethodName=null; destroyMethodName=null, order = 400, Root bean: class [org.springframework.security.web.authentication.UsernamePasswordAuthenticationFilter]; scope=; abstract=false; lazyInit=false; autowireMode=0; dependencyCheck=0; autowireCandidate=true; primary=false; factoryBeanName=null; factoryMethodName=null; initMethodName=null; destroyMethodName=null, order = 800, Root bean: class [org.springframework.security.web.authentication.www.BasicAuthenticationFilter]; scope=; abstract=false; lazyInit=false; autowireMode=0; dependencyCheck=0; autowireCandidate=true; primary=false; factoryBeanName=null; factoryMethodName=null; initMethodName=null; destroyMethodName=null, order = 1200, Root bean: class [org.springframework.security.web.savedrequest.RequestCacheAwareFilter]; scope=; abstract=false; lazyInit=false; autowireMode=0; dependencyCheck=0; autowireCandidate=true; primary=false; factoryBeanName=null; factoryMethodName=null; initMethodName=null; destroyMethodName=null, order = 1300, Root bean: class [org.springframework.security.web.servletapi.SecurityContextHolderAwareRequestFilter]; scope=; abstract=false; lazyInit=false; autowireMode=0; dependencyCheck=0; autowireCandidate=true; primary=false; factoryBeanName=null; factoryMethodName=null; initMethodName=null; destroyMethodName=null, order = 1400, Root bean: class [org.springframework.security.web.authentication.AnonymousAuthenticationFilter]; scope=; abstract=false; lazyInit=false; autowireMode=0; dependencyCheck=0; autowireCandidate=true; primary=false; factoryBeanName=null; factoryMethodName=null; initMethodName=null; destroyMethodName=null, order = 1600, Root bean: class [org.springframework.security.web.session.SessionManagementFilter]; scope=; abstract=false; lazyInit=false; autowireMode=0; dependencyCheck=0; autowireCandidate=true; primary=false; factoryBeanName=null; factoryMethodName=null; initMethodName=null; destroyMethodName=null, order = 1700, Root bean: class [org.springframework.security.web.access.ExceptionTranslationFilter]; scope=; abstract=false; lazyInit=false; autowireMode=0; dependencyCheck=0; autowireCandidate=true; primary=false; factoryBeanName=null; factoryMethodName=null; initMethodName=null; destroyMethodName=null, order = 1800, <org.springframework.security.web.access.intercept.FilterSecurityInterceptor#0>, order = 1900]
2015-01-15 11:00:34.0809 INFO http-bio-8080-exec-10 org.springframework.web.context.support.XmlWebApplicationContext – Bean 'org.springframework.transaction.annotation.AnnotationTransactionAttributeSource#0' of type [class org.springframework.transaction.annotation.AnnotationTransactionAttributeSource] is not eligible for getting processed by all BeanPostProcessors (for example: not eligible for auto-proxying)
2015-01-15 11:00:34.0824 INFO http-bio-8080-exec-10 org.springframework.web.context.support.XmlWebApplicationContext – Bean '(inner bean)' of type [class org.springframework.security.access.annotation.SecuredAnnotationSecurityMetadataSource] is not eligible for getting processed by all BeanPostProcessors (for example: not eligible for auto-proxying)
2015-01-15 11:00:34.0829 INFO http-bio-8080-exec-10 org.springframework.web.context.support.XmlWebApplicationContext – Bean 'org.springframework.security.access.method.DelegatingMethodSecurityMetadataSource#0' of type [class org.springframework.security.access.method.DelegatingMethodSecurityMetadataSource] is not eligible for getting processed by all BeanPostProcessors (for example: not eligible for auto-proxying)
2015-01-15 11:00:34.0839 INFO http-bio-8080-exec-10 org.springframework.web.context.support.XmlWebApplicationContext – Bean 'org.springframework.security.methodSecurityMetadataSourceAdvisor' of type [class org.springframework.security.access.intercept.aopalliance.MethodSecurityMetadataSourceAdvisor] is not eligible for getting processed by all BeanPostProcessors (for example: not eligible for auto-proxying)
2015-01-15 11:00:34.0851 INFO http-bio-8080-exec-10 org.springframework.web.context.support.XmlWebApplicationContext – Bean 'org.springframework.transaction.config.internalTransactionAdvisor' of type [class org.springframework.transaction.interceptor.BeanFactoryTransactionAttributeSourceAdvisor] is not eligible for getting processed by all BeanPostProcessors (for example: not eligible for auto-proxying)
2015-01-15 11:00:34.0868 INFO http-bio-8080-exec-10 org.springframework.beans.factory.support.DefaultListableBeanFactory – Pre-instantiating singletons in org.springframework.beans.factory.support.DefaultListableBeanFactory@39852e: defining beans [org.springframework.context.annotation.internalConfigurationAnnotationProcessor,org.springframework.context.annotation.internalAutowiredAnnotationProcessor,org.springframework.context.annotation.internalRequiredAnnotationProcessor,org.springframework.context.annotation.internalCommonAnnotationProcessor,org.springframework.context.annotation.internalPersistenceAnnotationProcessor,greetingController,hibernateGreetingDao,greetingService,org.springframework.web.servlet.mvc.annotation.DefaultAnnotationHandlerMapping#0,org.springframework.format.support.FormattingConversionServiceFactoryBean#0,org.springframework.web.servlet.mvc.annotation.AnnotationMethodHandlerAdapter#0,org.springframework.web.servlet.handler.MappedInterceptor#0,sessionFactory,dataSource,org.springframework.aop.config.internalAutoProxyCreator,org.springframework.transaction.annotation.AnnotationTransactionAttributeSource#0,org.springframework.transaction.interceptor.TransactionInterceptor#0,org.springframework.transaction.config.internalTransactionAdvisor,transactionManager,org.springframework.security.access.method.DelegatingMethodSecurityMetadataSource#0,org.springframework.security.access.vote.AffirmativeBased#0,org.springframework.security.access.intercept.aopalliance.MethodSecurityInterceptor#0,org.springframework.security.methodSecurityMetadataSourceAdvisor,org.springframework.security.web.PortMapperImpl#0,org.springframework.security.web.context.HttpSessionSecurityContextRepository#0,org.springframework.security.web.authentication.session.SessionFixationProtectionStrategy#0,org.springframework.security.authentication.ProviderManager#0,org.springframework.security.access.vote.AffirmativeBased#1,org.springframework.security.web.access.intercept.FilterSecurityInterceptor#0,org.springframework.security.web.access.DefaultWebInvocationPrivilegeEvaluator#0,org.springframework.security.authentication.AnonymousAuthenticationProvider#0,org.springframework.security.web.savedrequest.HttpSessionRequestCache#0,org.springframework.security.web.authentication.www.BasicAuthenticationEntryPoint#0,org.springframework.security.web.authentication.UsernamePasswordAuthenticationFilter#0,org.springframework.security.config.http.UserDetailsServiceInjectionBeanPostProcessor#0,org.springframework.security.filterChainProxy,org.springframework.security.web.access.expression.DefaultWebSecurityExpressionHandler#0,org.springframework.security.provisioning.JdbcUserDetailsManager#0,org.springframework.security.authentication.dao.DaoAuthenticationProvider#0,org.springframework.security.authentication.DefaultAuthenticationEventPublisher#0,org.springframework.security.authenticationManager,greetingDao]; root of factory hierarchy
2015-01-15 11:00:34.0964 INFO http-bio-8080-exec-10 org.hibernate.cfg.annotations.Version – Hibernate Annotations 3.4.0.GA
2015-01-15 11:00:34.0971 INFO http-bio-8080-exec-10 org.hibernate.cfg.Environment – Hibernate 3.3.2.GA
2015-01-15 11:00:34.0973 INFO http-bio-8080-exec-10 org.hibernate.cfg.Environment – hibernate.properties not found
2015-01-15 11:00:34.0975 INFO http-bio-8080-exec-10 org.hibernate.cfg.Environment – Bytecode provider name : javassist
2015-01-15 11:00:34.0977 INFO http-bio-8080-exec-10 org.hibernate.cfg.Environment – using JDK 1.4 java.sql.Timestamp handling
2015-01-15 11:00:35.0035 INFO http-bio-8080-exec-10 org.hibernate.annotations.common.Version – Hibernate Commons Annotations 3.1.0.GA
2015-01-15 11:00:35.0076 INFO http-bio-8080-exec-10 org.hibernate.cfg.AnnotationBinder – Binding entity from annotated class: com.uniksoft.domain.Greeting
2015-01-15 11:00:35.0100 INFO http-bio-8080-exec-10 org.hibernate.cfg.annotations.EntityBinder – Bind entity com.uniksoft.domain.Greeting on table greeting
2015-01-15 11:00:35.0151 INFO http-bio-8080-exec-10 org.hibernate.cfg.AnnotationConfiguration – Hibernate Validator not found: ignoring
2015-01-15 11:00:35.0151 INFO http-bio-8080-exec-10 org.springframework.orm.hibernate3.annotation.AnnotationSessionFactoryBean – Building new Hibernate SessionFactory
2015-01-15 11:00:35.0154 INFO http-bio-8080-exec-10 org.hibernate.cfg.search.HibernateSearchEventListenerRegister – Unable to find org.hibernate.search.event.FullTextIndexEventListener on the classpath. Hibernate Search is not enabled.
2015-01-15 11:00:35.0194 INFO http-bio-8080-exec-10 org.hibernate.connection.ConnectionProviderFactory – Initializing connection provider: org.springframework.orm.hibernate3.LocalDataSourceConnectionProvider
2015-01-15 11:00:35.0532 INFO http-bio-8080-exec-10 org.hibernate.cfg.SettingsFactory – RDBMS: HSQL Database Engine, version: 2.3.2
2015-01-15 11:00:35.0532 INFO http-bio-8080-exec-10 org.hibernate.cfg.SettingsFactory – JDBC driver: HSQL Database Engine Driver, version: 2.3.2
2015-01-15 11:00:35.0568 INFO http-bio-8080-exec-10 org.hibernate.dialect.Dialect – Using dialect: org.hibernate.dialect.HSQLDialect
2015-01-15 11:00:35.0580 INFO http-bio-8080-exec-10 org.hibernate.transaction.TransactionFactoryFactory – Transaction strategy: org.springframework.orm.hibernate3.SpringTransactionFactory
2015-01-15 11:00:35.0581 INFO http-bio-8080-exec-10 org.hibernate.transaction.TransactionManagerLookupFactory – No TransactionManagerLookup configured (in JTA environment, use of read-write or transactional second-level cache is not recommended)
2015-01-15 11:00:35.0581 INFO http-bio-8080-exec-10 org.hibernate.cfg.SettingsFactory – Automatic flush during beforeCompletion(): disabled
2015-01-15 11:00:35.0581 INFO http-bio-8080-exec-10 org.hibernate.cfg.SettingsFactory – Automatic session close at end of transaction: disabled
2015-01-15 11:00:35.0581 INFO http-bio-8080-exec-10 org.hibernate.cfg.SettingsFactory – JDBC batch size: 15
2015-01-15 11:00:35.0581 INFO http-bio-8080-exec-10 org.hibernate.cfg.SettingsFactory – JDBC batch updates for versioned data: disabled
2015-01-15 11:00:35.0582 INFO http-bio-8080-exec-10 org.hibernate.cfg.SettingsFactory – Scrollable result sets: enabled
2015-01-15 11:00:35.0582 INFO http-bio-8080-exec-10 org.hibernate.cfg.SettingsFactory – JDBC3 getGeneratedKeys(): enabled
2015-01-15 11:00:35.0582 INFO http-bio-8080-exec-10 org.hibernate.cfg.SettingsFactory – Connection release mode: auto
2015-01-15 11:00:35.0583 INFO http-bio-8080-exec-10 org.hibernate.cfg.SettingsFactory – Default batch fetch size: 1
2015-01-15 11:00:35.0583 INFO http-bio-8080-exec-10 org.hibernate.cfg.SettingsFactory – Generate SQL with comments: disabled
2015-01-15 11:00:35.0583 INFO http-bio-8080-exec-10 org.hibernate.cfg.SettingsFactory – Order SQL updates by primary key: disabled
2015-01-15 11:00:35.0583 INFO http-bio-8080-exec-10 org.hibernate.cfg.SettingsFactory – Order SQL inserts for batching: disabled
2015-01-15 11:00:35.0583 INFO http-bio-8080-exec-10 org.hibernate.cfg.SettingsFactory – Query translator: org.hibernate.hql.ast.ASTQueryTranslatorFactory
2015-01-15 11:00:35.0584 INFO http-bio-8080-exec-10 org.hibernate.hql.ast.ASTQueryTranslatorFactory – Using ASTQueryTranslatorFactory
2015-01-15 11:00:35.0584 INFO http-bio-8080-exec-10 org.hibernate.cfg.SettingsFactory – Query language substitutions: {}
2015-01-15 11:00:35.0585 INFO http-bio-8080-exec-10 org.hibernate.cfg.SettingsFactory – JPA-QL strict compliance: disabled
2015-01-15 11:00:35.0585 INFO http-bio-8080-exec-10 org.hibernate.cfg.SettingsFactory – Second-level cache: enabled
2015-01-15 11:00:35.0587 INFO http-bio-8080-exec-10 org.hibernate.cfg.SettingsFactory – Query cache: disabled
2015-01-15 11:00:35.0587 INFO http-bio-8080-exec-10 org.hibernate.cfg.SettingsFactory – Cache region factory : org.hibernate.cache.impl.NoCachingRegionFactory
2015-01-15 11:00:35.0588 INFO http-bio-8080-exec-10 org.hibernate.cfg.SettingsFactory – Optimize cache for minimal puts: disabled
2015-01-15 11:00:35.0588 INFO http-bio-8080-exec-10 org.hibernate.cfg.SettingsFactory – Structured second-level cache entries: disabled
2015-01-15 11:00:35.0590 INFO http-bio-8080-exec-10 org.hibernate.cfg.SettingsFactory – Echoing all SQL to stdout
2015-01-15 11:00:35.0591 INFO http-bio-8080-exec-10 org.hibernate.cfg.SettingsFactory – Statistics: disabled
2015-01-15 11:00:35.0591 INFO http-bio-8080-exec-10 org.hibernate.cfg.SettingsFactory – Deleted entity synthetic identifier rollback: disabled
2015-01-15 11:00:35.0591 INFO http-bio-8080-exec-10 org.hibernate.cfg.SettingsFactory – Default entity-mode: pojo
2015-01-15 11:00:35.0591 INFO http-bio-8080-exec-10 org.hibernate.cfg.SettingsFactory – Named query checking : enabled
2015-01-15 11:00:35.0623 INFO http-bio-8080-exec-10 org.hibernate.impl.SessionFactoryImpl – building session factory
2015-01-15 11:00:35.0766 INFO http-bio-8080-exec-10 org.hibernate.impl.SessionFactoryObjectFactory – Not binding factory to JNDI, no JNDI name configured
2015-01-15 11:00:35.0774 INFO http-bio-8080-exec-10 org.hibernate.tool.hbm2ddl.SchemaExport – Running hbm2ddl schema export
2015-01-15 11:00:35.0775 INFO http-bio-8080-exec-10 org.hibernate.tool.hbm2ddl.SchemaExport – exporting generated schema to database
2015-01-15 11:00:35.0777 INFO http-bio-8080-exec-10 org.hibernate.tool.hbm2ddl.SchemaExport – schema export complete
2015-01-15 11:00:35.0997 INFO http-bio-8080-exec-10 org.springframework.security.access.intercept.aopalliance.MethodSecurityInterceptor – Validated configuration attributes
2015-01-15 11:00:36.0102 INFO http-bio-8080-exec-10 org.springframework.web.servlet.mvc.annotation.DefaultAnnotationHandlerMapping – Mapped URL path [/home/greetings.html] onto handler 'greetingController'
2015-01-15 11:00:36.0102 INFO http-bio-8080-exec-10 org.springframework.web.servlet.mvc.annotation.DefaultAnnotationHandlerMapping – Mapped URL path [/home/addgreeting.html] onto handler 'greetingController'
2015-01-15 11:00:36.0102 INFO http-bio-8080-exec-10 org.springframework.web.servlet.mvc.annotation.DefaultAnnotationHandlerMapping – Mapped URL path [/home/restrictedarea.html] onto handler 'greetingController'
2015-01-15 11:00:36.0233 INFO http-bio-8080-exec-10 org.springframework.orm.hibernate3.HibernateTransactionManager – Using DataSource [org.apache.commons.dbcp.BasicDataSource@de91c0] of Hibernate SessionFactory for HibernateTransactionManager
2015-01-15 11:00:36.0302 INFO http-bio-8080-exec-10 org.springframework.security.provisioning.JdbcUserDetailsManager – No authentication manager set. Reauthentication of users when changing passwords will not be performed.
2015-01-15 11:00:36.0399 INFO http-bio-8080-exec-10 org.springframework.security.web.access.intercept.FilterSecurityInterceptor – Validated configuration attributes
2015-01-15 11:00:36.0595 INFO http-bio-8080-exec-10 org.springframework.web.context.ContextLoader – Root WebApplicationContext: initialization completed in 2418 ms
2015-01-15 11:00:36.0626 INFO http-bio-8080-exec-10 org.springframework.web.servlet.DispatcherServlet – FrameworkServlet 'greeter': initialization started
2015-01-15 11:00:36.0631 INFO http-bio-8080-exec-10 org.springframework.web.context.support.XmlWebApplicationContext – Refreshing WebApplicationContext for namespace 'greeter-servlet': startup date [Thu Jan 15 11:00:36 ECT 2015]; parent: Root WebApplicationContext
2015-01-15 11:00:36.0631 INFO http-bio-8080-exec-10 org.springframework.beans.factory.xml.XmlBeanDefinitionReader – Loading XML bean definitions from ServletContext resource [/WEB-INF/greeter-servlet.xml]
2015-01-15 11:00:36.0679 INFO http-bio-8080-exec-10 org.springframework.beans.factory.support.DefaultListableBeanFactory – Pre-instantiating singletons in org.springframework.beans.factory.support.DefaultListableBeanFactory@1e6e141: defining beans [viewResolver]; parent: org.springframework.beans.factory.support.DefaultListableBeanFactory@39852e
2015-01-15 11:00:36.0712 INFO http-bio-8080-exec-10 org.springframework.web.servlet.DispatcherServlet – FrameworkServlet 'greeter': initialization completed in 86 ms
2015-01-15 11:34:08.0677 INFO main GreetingController – entering showAllGreetings
2015-01-15 11:38:48.0058 INFO main GreetingController – entering showAllGreetings
2015-01-15 11:48:23.0228 INFO main GreetingController – entering showAllGreetings
2015-01-15 11:53:58.0627 INFO main GreetingController – entering addGreetingAndShowAll
2015-01-15 11:53:58.0658 INFO main GreetingController – entering showAllGreetings
2015-01-15 12:04:25.0880 INFO main GreetingController – entering addGreetingAndShowAll
2015-01-15 12:04:25.0892 INFO main GreetingController – entering showAllGreetings
2015-01-15 13:41:21.0668 INFO main GreetingController – entering addGreetingAndShowAll
2015-01-15 13:41:21.0691 INFO main GreetingController – entering showAllGreetings
2015-01-15 13:44:28.0862 INFO main GreetingController – entering addGreetingAndShowAll
2015-01-15 13:44:28.0879 INFO main GreetingController – entering addGreetingAndShowAll
2015-01-15 13:44:28.0884 INFO main GreetingController – entering showAllGreetings
2015-01-15 13:48:13.0860 INFO main GreetingController – entering addGreetingAndShowAll
2015-01-15 13:48:13.0883 INFO main GreetingController – entering addGreetingAndShowAll
2015-01-15 13:48:13.0892 INFO main GreetingController – entering addGreetingAndShowAll
2015-01-15 13:48:13.0894 INFO main GreetingController – entering showAllGreetings
2015-01-15 13:51:07.0610 INFO main GreetingController – entering addGreetingAndShowAll
2015-01-15 13:51:07.0634 INFO main GreetingController – entering addGreetingAndShowAll
2015-01-15 13:51:07.0639 INFO main GreetingController – entering addGreetingAndShowAll
2015-01-15 13:51:07.0640 INFO main GreetingController – entering addGreetingAndShowAll
2015-01-15 13:51:07.0659 INFO main GreetingController – entering showAllGreetings
2015-01-15 13:52:05.0820 INFO main GreetingController – entering addGreetingAndShowAll
2015-01-15 13:52:05.0845 INFO main GreetingController – entering addGreetingAndShowAll
2015-01-15 13:52:05.0854 INFO main GreetingController – entering addGreetingAndShowAll
2015-01-15 13:52:05.0857 INFO main GreetingController – entering addGreetingAndShowAll
2015-01-15 13:52:05.0861 INFO main GreetingController – entering showAllGreetings
2015-01-15 13:56:52.0493 INFO main GreetingController – entering addGreetingAndShowAll
2015-01-15 13:56:52.0518 INFO main GreetingController – entering addGreetingAndShowAll
2015-01-15 13:56:52.0526 INFO main GreetingController – entering addGreetingAndShowAll
2015-01-15 13:56:52.0527 INFO main GreetingController – entering addGreetingAndShowAll
2015-01-15 13:56:52.0528 INFO main GreetingController – entering addGreetingAndShowAll
2015-01-15 13:56:52.0533 INFO main GreetingController – entering showAllGreetings
2015-01-15 14:00:24.0674 INFO main GreetingController – entering addGreetingAndShowAll
2015-01-15 14:00:24.0687 INFO main GreetingController – entering addGreetingAndShowAll
2015-01-15 14:00:24.0697 INFO main GreetingController – entering addGreetingAndShowAll
2015-01-15 14:00:24.0698 INFO main GreetingController – entering addGreetingAndShowAll
2015-01-15 14:00:24.0700 INFO main GreetingController – entering addGreetingAndShowAll
2015-01-15 14:00:24.0702 INFO main GreetingController – entering addGreetingAndShowAll
2015-01-15 14:00:24.0710 INFO main GreetingController – entering showAllGreetings
2015-01-15 14:07:30.0127 INFO main GreetingController – entering addGreetingAndShowAll
2015-01-15 14:07:30.0146 INFO main GreetingController – entering addGreetingAndShowAll
2015-01-15 14:07:30.0147 INFO main GreetingController – entering addGreetingAndShowAll
2015-01-15 14:07:30.0148 INFO main GreetingController – entering addGreetingAndShowAll
2015-01-15 14:07:30.0158 INFO main GreetingController – entering addGreetingAndShowAll
2015-01-15 14:07:30.0170 INFO main GreetingController – entering addGreetingAndShowAll
2015-01-15 14:07:30.0530 INFO main GreetingController – entering showAllGreetings
2015-01-15 14:07:30.0539 INFO main GreetingController – entering showAllGreetings
2015-01-15 14:12:22.0656 INFO main GreetingController – entering addGreetingAndShowAll
2015-01-15 14:12:22.0663 INFO main GreetingController – entering showAllGreetings
2015-01-15 14:12:22.0664 INFO main GreetingController – entering addGreetingAndShowAll
2015-01-15 14:12:22.0668 INFO main GreetingController – entering addGreetingAndShowAll
2015-01-15 14:12:22.0670 INFO main GreetingController – entering addGreetingAndShowAll
2015-01-15 14:12:22.0671 INFO main GreetingController – entering addGreetingAndShowAll
2015-01-15 14:12:22.0672 INFO main GreetingController – entering addGreetingAndShowAll
2015-01-15 14:12:22.0674 INFO main GreetingController – entering addGreetingAndShowAll
2015-01-15 14:12:22.0687 INFO main GreetingController – entering showAllGreetings
2015-01-15 14:16:54.0509 INFO main GreetingController – entering addGreetingAndShowAll
2015-01-15 14:16:54.0519 INFO main GreetingController – entering addGreetingAndShowAll
2015-01-15 14:16:54.0521 INFO main GreetingController – entering addGreetingAndShowAll
2015-01-15 14:16:54.0524 INFO main GreetingController – entering addGreetingAndShowAll
2015-01-15 14:16:54.0526 INFO main GreetingController – entering addGreetingAndShowAll
2015-01-15 14:16:54.0527 INFO main GreetingController – entering addGreetingAndShowAll
2015-01-15 14:16:54.0742 INFO main GreetingController – entering showAllGreetings
2015-01-15 14:16:54.0783 INFO main GreetingController – entering addGreetingAndShowAll
2015-01-15 14:16:54.0792 INFO main GreetingController – entering showAllGreetings
2015-01-15 14:19:33.0661 INFO main GreetingController – entering showAllGreetings
2015-01-15 14:19:33.0669 INFO main GreetingController – entering showAllGreetings
2015-01-15 14:19:33.0670 INFO main GreetingController – entering addGreetingAndShowAll
2015-01-15 14:19:33.0674 INFO main GreetingController – entering addGreetingAndShowAll
2015-01-15 14:19:33.0675 INFO main GreetingController – entering addGreetingAndShowAll
2015-01-15 14:19:33.0676 INFO main GreetingController – entering addGreetingAndShowAll
2015-01-15 14:19:33.0677 INFO main GreetingController – entering addGreetingAndShowAll
2015-01-15 14:19:33.0679 INFO main GreetingController – entering addGreetingAndShowAll
2015-01-15 14:19:33.0686 INFO main GreetingController – entering showAllGreetings
2015-01-15 14:21:10.0086 INFO main GreetingController – entering addGreetingAndShowAll
2015-01-15 14:21:10.0093 INFO main GreetingController – entering showAllGreetings
2015-01-15 14:21:10.0094 INFO main GreetingController – entering addGreetingAndShowAll
2015-01-15 14:21:10.0098 INFO main GreetingController – entering addGreetingAndShowAll
2015-01-15 14:21:10.0099 INFO main GreetingController – entering addGreetingAndShowAll
2015-01-15 14:21:10.0101 INFO main GreetingController – entering addGreetingAndShowAll
2015-01-15 14:21:10.0103 INFO main GreetingController – entering addGreetingAndShowAll
2015-01-15 14:21:10.0106 INFO main GreetingController – entering addGreetingAndShowAll
2015-01-15 14:21:10.0118 INFO main GreetingController – entering showAllGreetings
2015-01-15 14:24:41.0597 INFO main GreetingController – entering addGreetingAndShowAll
2015-01-15 14:24:41.0619 INFO main GreetingController – entering addGreetingAndShowAll
2015-01-15 14:24:41.0624 INFO main GreetingController – entering addGreetingAndShowAll
2015-01-15 14:24:41.0625 INFO main GreetingController – entering addGreetingAndShowAll
2015-01-15 14:24:41.0634 INFO main GreetingController – entering addGreetingAndShowAll
2015-01-15 14:24:41.0636 INFO main GreetingController – entering addGreetingAndShowAll
2015-01-15 14:24:41.0971 INFO main GreetingController – entering showAllGreetings
2015-01-15 14:24:42.0037 INFO main GreetingController – entering addGreetingAndShowAll
2015-01-15 14:24:42.0045 INFO main GreetingController – entering showAllGreetings
2015-01-15 14:26:11.0388 INFO main GreetingController – entering addGreetingAndShowAll
2015-01-15 14:26:11.0398 INFO main GreetingController – entering addGreetingAndShowAll
2015-01-15 14:26:11.0401 INFO main GreetingController – entering addGreetingAndShowAll
2015-01-15 14:26:11.0403 INFO main GreetingController – entering addGreetingAndShowAll
2015-01-15 14:26:11.0406 INFO main GreetingController – entering addGreetingAndShowAll
2015-01-15 14:26:11.0622 INFO main GreetingController – entering showAllGreetings
2015-01-15 14:26:11.0630 INFO main GreetingController – entering showAllGreetings
2015-01-15 14:26:11.0634 INFO main GreetingController – entering addGreetingAndShowAll
2015-01-15 14:26:16.0811 INFO http-bio-8080-exec-13 org.springframework.web.context.support.XmlWebApplicationContext – Closing WebApplicationContext for namespace 'greeter-servlet': startup date [Thu Jan 15 11:00:36 ECT 2015]; parent: Root WebApplicationContext
2015-01-15 14:26:16.0823 INFO http-bio-8080-exec-13 org.springframework.beans.factory.support.DefaultListableBeanFactory – Destroying singletons in org.springframework.beans.factory.support.DefaultListableBeanFactory@1e6e141: defining beans [viewResolver]; parent: org.springframework.beans.factory.support.DefaultListableBeanFactory@39852e
2015-01-15 14:26:16.0827 INFO http-bio-8080-exec-13 org.springframework.web.context.support.XmlWebApplicationContext – Closing Root WebApplicationContext: startup date [Thu Jan 15 11:00:34 ECT 2015]; root of context hierarchy
2015-01-15 14:26:16.0835 INFO http-bio-8080-exec-13 org.springframework.beans.factory.support.DefaultListableBeanFactory – Destroying singletons in org.springframework.beans.factory.support.DefaultListableBeanFactory@39852e: defining beans [org.springframework.context.annotation.internalConfigurationAnnotationProcessor,org.springframework.context.annotation.internalAutowiredAnnotationProcessor,org.springframework.context.annotation.internalRequiredAnnotationProcessor,org.springframework.context.annotation.internalCommonAnnotationProcessor,org.springframework.context.annotation.internalPersistenceAnnotationProcessor,greetingController,hibernateGreetingDao,greetingService,org.springframework.web.servlet.mvc.annotation.DefaultAnnotationHandlerMapping#0,org.springframework.format.support.FormattingConversionServiceFactoryBean#0,org.springframework.web.servlet.mvc.annotation.AnnotationMethodHandlerAdapter#0,org.springframework.web.servlet.handler.MappedInterceptor#0,sessionFactory,dataSource,org.springframework.aop.config.internalAutoProxyCreator,org.springframework.transaction.annotation.AnnotationTransactionAttributeSource#0,org.springframework.transaction.interceptor.TransactionInterceptor#0,org.springframework.transaction.config.internalTransactionAdvisor,transactionManager,org.springframework.security.access.method.DelegatingMethodSecurityMetadataSource#0,org.springframework.security.access.vote.AffirmativeBased#0,org.springframework.security.access.intercept.aopalliance.MethodSecurityInterceptor#0,org.springframework.security.methodSecurityMetadataSourceAdvisor,org.springframework.security.web.PortMapperImpl#0,org.springframework.security.web.context.HttpSessionSecurityContextRepository#0,org.springframework.security.web.authentication.session.SessionFixationProtectionStrategy#0,org.springframework.security.authentication.ProviderManager#0,org.springframework.security.access.vote.AffirmativeBased#1,org.springframework.security.web.access.intercept.FilterSecurityInterceptor#0,org.springframework.security.web.access.DefaultWebInvocationPrivilegeEvaluator#0,org.springframework.security.authentication.AnonymousAuthenticationProvider#0,org.springframework.security.web.savedrequest.HttpSessionRequestCache#0,org.springframework.security.web.authentication.www.BasicAuthenticationEntryPoint#0,org.springframework.security.web.authentication.UsernamePasswordAuthenticationFilter#0,org.springframework.security.config.http.UserDetailsServiceInjectionBeanPostProcessor#0,org.springframework.security.filterChainProxy,org.springframework.security.web.access.expression.DefaultWebSecurityExpressionHandler#0,org.springframework.security.provisioning.JdbcUserDetailsManager#0,org.springframework.security.authentication.dao.DaoAuthenticationProvider#0,org.springframework.security.authentication.DefaultAuthenticationEventPublisher#0,org.springframework.security.authenticationManager,greetingDao]; root of factory hierarchy
2015-01-15 14:26:16.0915 INFO http-bio-8080-exec-13 org.springframework.orm.hibernate3.annotation.AnnotationSessionFactoryBean – Closing Hibernate SessionFactory
2015-01-15 14:26:16.0918 INFO http-bio-8080-exec-13 org.hibernate.impl.SessionFactoryImpl – closing
2015-01-15 14:26:21.0271 INFO http-bio-8080-exec-13 org.springframework.web.context.ContextLoader – Root WebApplicationContext: initialization started
2015-01-15 14:26:21.0298 INFO http-bio-8080-exec-13 org.springframework.web.context.support.XmlWebApplicationContext – Refreshing Root WebApplicationContext: startup date [Thu Jan 15 14:26:21 ECT 2015]; root of context hierarchy
2015-01-15 14:26:21.0338 INFO http-bio-8080-exec-13 org.springframework.beans.factory.xml.XmlBeanDefinitionReader – Loading XML bean definitions from ServletContext resource [/WEB-INF/applicationContext.xml]
2015-01-15 14:26:21.0430 INFO http-bio-8080-exec-13 org.springframework.context.annotation.ClassPathBeanDefinitionScanner – JSR-250 'javax.annotation.ManagedBean' found and supported for component scanning
2015-01-15 14:26:21.0547 INFO http-bio-8080-exec-13 org.springframework.beans.factory.xml.XmlBeanDefinitionReader – Loading XML bean definitions from ServletContext resource [/WEB-INF/datasource-context.xml]
2015-01-15 14:26:21.0605 INFO http-bio-8080-exec-13 org.springframework.beans.factory.xml.XmlBeanDefinitionReader – Loading XML bean definitions from ServletContext resource [/WEB-INF/security-context.xml]
2015-01-15 14:26:21.0640 INFO http-bio-8080-exec-13 org.springframework.security.core.SpringSecurityCoreVersion – You are running with Spring Security Core 3.0.5.RELEASE
2015-01-15 14:26:21.0641 INFO http-bio-8080-exec-13 org.springframework.security.config.SecurityNamespaceHandler – Spring Security 'config' module version is 3.0.5.RELEASE
2015-01-15 14:26:21.0697 INFO http-bio-8080-exec-13 org.springframework.security.config.http.HttpSecurityBeanDefinitionParser – Checking sorted filter chain: [Root bean: class [org.springframework.security.web.context.SecurityContextPersistenceFilter]; scope=; abstract=false; lazyInit=false; autowireMode=0; dependencyCheck=0; autowireCandidate=true; primary=false; factoryBeanName=null; factoryMethodName=null; initMethodName=null; destroyMethodName=null, order = 300, Root bean: class [org.springframework.security.web.authentication.logout.LogoutFilter]; scope=; abstract=false; lazyInit=false; autowireMode=0; dependencyCheck=0; autowireCandidate=true; primary=false; factoryBeanName=null; factoryMethodName=null; initMethodName=null; destroyMethodName=null, order = 400, Root bean: class [org.springframework.security.web.authentication.UsernamePasswordAuthenticationFilter]; scope=; abstract=false; lazyInit=false; autowireMode=0; dependencyCheck=0; autowireCandidate=true; primary=false; factoryBeanName=null; factoryMethodName=null; initMethodName=null; destroyMethodName=null, order = 800, Root bean: class [org.springframework.security.web.authentication.www.BasicAuthenticationFilter]; scope=; abstract=false; lazyInit=false; autowireMode=0; dependencyCheck=0; autowireCandidate=true; primary=false; factoryBeanName=null; factoryMethodName=null; initMethodName=null; destroyMethodName=null, order = 1200, Root bean: class [org.springframework.security.web.savedrequest.RequestCacheAwareFilter]; scope=; abstract=false; lazyInit=false; autowireMode=0; dependencyCheck=0; autowireCandidate=true; primary=false; factoryBeanName=null; factoryMethodName=null; initMethodName=null; destroyMethodName=null, order = 1300, Root bean: class [org.springframework.security.web.servletapi.SecurityContextHolderAwareRequestFilter]; scope=; abstract=false; lazyInit=false; autowireMode=0; dependencyCheck=0; autowireCandidate=true; primary=false; factoryBeanName=null; factoryMethodName=null; initMethodName=null; destroyMethodName=null, order = 1400, Root bean: class [org.springframework.security.web.authentication.AnonymousAuthenticationFilter]; scope=; abstract=false; lazyInit=false; autowireMode=0; dependencyCheck=0; autowireCandidate=true; primary=false; factoryBeanName=null; factoryMethodName=null; initMethodName=null; destroyMethodName=null, order = 1600, Root bean: class [org.springframework.security.web.session.SessionManagementFilter]; scope=; abstract=false; lazyInit=false; autowireMode=0; dependencyCheck=0; autowireCandidate=true; primary=false; factoryBeanName=null; factoryMethodName=null; initMethodName=null; destroyMethodName=null, order = 1700, Root bean: class [org.springframework.security.web.access.ExceptionTranslationFilter]; scope=; abstract=false; lazyInit=false; autowireMode=0; dependencyCheck=0; autowireCandidate=true; primary=false; factoryBeanName=null; factoryMethodName=null; initMethodName=null; destroyMethodName=null, order = 1800, <org.springframework.security.web.access.intercept.FilterSecurityInterceptor#0>, order = 1900]
2015-01-15 14:26:21.0916 INFO http-bio-8080-exec-13 org.springframework.web.context.support.XmlWebApplicationContext – Bean 'org.springframework.transaction.annotation.AnnotationTransactionAttributeSource#0' of type [class org.springframework.transaction.annotation.AnnotationTransactionAttributeSource] is not eligible for getting processed by all BeanPostProcessors (for example: not eligible for auto-proxying)
2015-01-15 14:26:21.0934 INFO http-bio-8080-exec-13 org.springframework.web.context.support.XmlWebApplicationContext – Bean '(inner bean)' of type [class org.springframework.security.access.annotation.SecuredAnnotationSecurityMetadataSource] is not eligible for getting processed by all BeanPostProcessors (for example: not eligible for auto-proxying)
2015-01-15 14:26:21.0936 INFO http-bio-8080-exec-13 org.springframework.web.context.support.XmlWebApplicationContext – Bean 'org.springframework.security.access.method.DelegatingMethodSecurityMetadataSource#0' of type [class org.springframework.security.access.method.DelegatingMethodSecurityMetadataSource] is not eligible for getting processed by all BeanPostProcessors (for example: not eligible for auto-proxying)
2015-01-15 14:26:21.0951 INFO http-bio-8080-exec-13 org.springframework.web.context.support.XmlWebApplicationContext – Bean 'org.springframework.security.methodSecurityMetadataSourceAdvisor' of type [class org.springframework.security.access.intercept.aopalliance.MethodSecurityMetadataSourceAdvisor] is not eligible for getting processed by all BeanPostProcessors (for example: not eligible for auto-proxying)
2015-01-15 14:26:21.0959 INFO http-bio-8080-exec-13 org.springframework.web.context.support.XmlWebApplicationContext – Bean 'org.springframework.transaction.config.internalTransactionAdvisor' of type [class org.springframework.transaction.interceptor.BeanFactoryTransactionAttributeSourceAdvisor] is not eligible for getting processed by all BeanPostProcessors (for example: not eligible for auto-proxying)
2015-01-15 14:26:21.0982 INFO http-bio-8080-exec-13 org.springframework.beans.factory.support.DefaultListableBeanFactory – Pre-instantiating singletons in org.springframework.beans.factory.support.DefaultListableBeanFactory@12e0d5f: defining beans [org.springframework.context.annotation.internalConfigurationAnnotationProcessor,org.springframework.context.annotation.internalAutowiredAnnotationProcessor,org.springframework.context.annotation.internalRequiredAnnotationProcessor,org.springframework.context.annotation.internalCommonAnnotationProcessor,org.springframework.context.annotation.internalPersistenceAnnotationProcessor,greetingController,hibernateGreetingDao,greetingService,userService,org.springframework.web.servlet.mvc.annotation.DefaultAnnotationHandlerMapping#0,org.springframework.format.support.FormattingConversionServiceFactoryBean#0,org.springframework.web.servlet.mvc.annotation.AnnotationMethodHandlerAdapter#0,org.springframework.web.servlet.handler.MappedInterceptor#0,sessionFactory,dataSource,org.springframework.aop.config.internalAutoProxyCreator,org.springframework.transaction.annotation.AnnotationTransactionAttributeSource#0,org.springframework.transaction.interceptor.TransactionInterceptor#0,org.springframework.transaction.config.internalTransactionAdvisor,transactionManager,org.springframework.security.access.method.DelegatingMethodSecurityMetadataSource#0,org.springframework.security.access.vote.AffirmativeBased#0,org.springframework.security.access.intercept.aopalliance.MethodSecurityInterceptor#0,org.springframework.security.methodSecurityMetadataSourceAdvisor,org.springframework.security.web.PortMapperImpl#0,org.springframework.security.web.context.HttpSessionSecurityContextRepository#0,org.springframework.security.web.authentication.session.SessionFixationProtectionStrategy#0,org.springframework.security.authentication.ProviderManager#0,org.springframework.security.access.vote.AffirmativeBased#1,org.springframework.security.web.access.intercept.FilterSecurityInterceptor#0,org.springframework.security.web.access.DefaultWebInvocationPrivilegeEvaluator#0,org.springframework.security.authentication.AnonymousAuthenticationProvider#0,org.springframework.security.web.savedrequest.HttpSessionRequestCache#0,org.springframework.security.web.authentication.www.BasicAuthenticationEntryPoint#0,org.springframework.security.web.authentication.UsernamePasswordAuthenticationFilter#0,org.springframework.security.config.http.UserDetailsServiceInjectionBeanPostProcessor#0,org.springframework.security.filterChainProxy,org.springframework.security.web.access.expression.DefaultWebSecurityExpressionHandler#0,org.springframework.security.provisioning.JdbcUserDetailsManager#0,org.springframework.security.authentication.dao.DaoAuthenticationProvider#0,org.springframework.security.authentication.DefaultAuthenticationEventPublisher#0,org.springframework.security.authenticationManager,greetingDao]; root of factory hierarchy
2015-01-15 14:26:22.0072 INFO http-bio-8080-exec-13 org.hibernate.cfg.annotations.Version – Hibernate Annotations 3.4.0.GA
2015-01-15 14:26:22.0080 INFO http-bio-8080-exec-13 org.hibernate.cfg.Environment – Hibernate 3.3.2.GA
2015-01-15 14:26:22.0081 INFO http-bio-8080-exec-13 org.hibernate.cfg.Environment – hibernate.properties not found
2015-01-15 14:26:22.0083 INFO http-bio-8080-exec-13 org.hibernate.cfg.Environment – Bytecode provider name : javassist
2015-01-15 14:26:22.0090 INFO http-bio-8080-exec-13 org.hibernate.cfg.Environment – using JDK 1.4 java.sql.Timestamp handling
2015-01-15 14:26:22.0145 INFO http-bio-8080-exec-13 org.hibernate.annotations.common.Version – Hibernate Commons Annotations 3.1.0.GA
2015-01-15 14:26:22.0200 INFO http-bio-8080-exec-13 org.hibernate.cfg.AnnotationBinder – Binding entity from annotated class: com.uniksoft.domain.Greeting
2015-01-15 14:26:22.0224 INFO http-bio-8080-exec-13 org.hibernate.cfg.annotations.EntityBinder – Bind entity com.uniksoft.domain.Greeting on table greeting
2015-01-15 14:26:22.0276 INFO http-bio-8080-exec-13 org.hibernate.cfg.AnnotationConfiguration – Hibernate Validator not found: ignoring
2015-01-15 14:26:22.0276 INFO http-bio-8080-exec-13 org.springframework.orm.hibernate3.annotation.AnnotationSessionFactoryBean – Building new Hibernate SessionFactory
2015-01-15 14:26:22.0279 INFO http-bio-8080-exec-13 org.hibernate.cfg.search.HibernateSearchEventListenerRegister – Unable to find org.hibernate.search.event.FullTextIndexEventListener on the classpath. Hibernate Search is not enabled.
2015-01-15 14:26:22.0315 INFO http-bio-8080-exec-13 org.hibernate.connection.ConnectionProviderFactory – Initializing connection provider: org.springframework.orm.hibernate3.LocalDataSourceConnectionProvider
2015-01-15 14:26:22.0648 INFO http-bio-8080-exec-13 org.hibernate.cfg.SettingsFactory – RDBMS: HSQL Database Engine, version: 2.3.2
2015-01-15 14:26:22.0648 INFO http-bio-8080-exec-13 org.hibernate.cfg.SettingsFactory – JDBC driver: HSQL Database Engine Driver, version: 2.3.2
2015-01-15 14:26:22.0671 INFO http-bio-8080-exec-13 org.hibernate.dialect.Dialect – Using dialect: org.hibernate.dialect.HSQLDialect
2015-01-15 14:26:22.0674 INFO http-bio-8080-exec-13 org.hibernate.transaction.TransactionFactoryFactory – Transaction strategy: org.springframework.orm.hibernate3.SpringTransactionFactory
2015-01-15 14:26:22.0675 INFO http-bio-8080-exec-13 org.hibernate.transaction.TransactionManagerLookupFactory – No TransactionManagerLookup configured (in JTA environment, use of read-write or transactional second-level cache is not recommended)
2015-01-15 14:26:22.0675 INFO http-bio-8080-exec-13 org.hibernate.cfg.SettingsFactory – Automatic flush during beforeCompletion(): disabled
2015-01-15 14:26:22.0675 INFO http-bio-8080-exec-13 org.hibernate.cfg.SettingsFactory – Automatic session close at end of transaction: disabled
2015-01-15 14:26:22.0675 INFO http-bio-8080-exec-13 org.hibernate.cfg.SettingsFactory – JDBC batch size: 15
2015-01-15 14:26:22.0676 INFO http-bio-8080-exec-13 org.hibernate.cfg.SettingsFactory – JDBC batch updates for versioned data: disabled
2015-01-15 14:26:22.0676 INFO http-bio-8080-exec-13 org.hibernate.cfg.SettingsFactory – Scrollable result sets: enabled
2015-01-15 14:26:22.0676 INFO http-bio-8080-exec-13 org.hibernate.cfg.SettingsFactory – JDBC3 getGeneratedKeys(): enabled
2015-01-15 14:26:22.0676 INFO http-bio-8080-exec-13 org.hibernate.cfg.SettingsFactory – Connection release mode: auto
2015-01-15 14:26:22.0677 INFO http-bio-8080-exec-13 org.hibernate.cfg.SettingsFactory – Default batch fetch size: 1
2015-01-15 14:26:22.0677 INFO http-bio-8080-exec-13 org.hibernate.cfg.SettingsFactory – Generate SQL with comments: disabled
2015-01-15 14:26:22.0677 INFO http-bio-8080-exec-13 org.hibernate.cfg.SettingsFactory – Order SQL updates by primary key: disabled
2015-01-15 14:26:22.0677 INFO http-bio-8080-exec-13 org.hibernate.cfg.SettingsFactory – Order SQL inserts for batching: disabled
2015-01-15 14:26:22.0677 INFO http-bio-8080-exec-13 org.hibernate.cfg.SettingsFactory – Query translator: org.hibernate.hql.ast.ASTQueryTranslatorFactory
2015-01-15 14:26:22.0680 INFO http-bio-8080-exec-13 org.hibernate.hql.ast.ASTQueryTranslatorFactory – Using ASTQueryTranslatorFactory
2015-01-15 14:26:22.0680 INFO http-bio-8080-exec-13 org.hibernate.cfg.SettingsFactory – Query language substitutions: {}
2015-01-15 14:26:22.0680 INFO http-bio-8080-exec-13 org.hibernate.cfg.SettingsFactory – JPA-QL strict compliance: disabled
2015-01-15 14:26:22.0680 INFO http-bio-8080-exec-13 org.hibernate.cfg.SettingsFactory – Second-level cache: enabled
2015-01-15 14:26:22.0680 INFO http-bio-8080-exec-13 org.hibernate.cfg.SettingsFactory – Query cache: disabled
2015-01-15 14:26:22.0680 INFO http-bio-8080-exec-13 org.hibernate.cfg.SettingsFactory – Cache region factory : org.hibernate.cache.impl.NoCachingRegionFactory
2015-01-15 14:26:22.0680 INFO http-bio-8080-exec-13 org.hibernate.cfg.SettingsFactory – Optimize cache for minimal puts: disabled
2015-01-15 14:26:22.0680 INFO http-bio-8080-exec-13 org.hibernate.cfg.SettingsFactory – Structured second-level cache entries: disabled
2015-01-15 14:26:22.0683 INFO http-bio-8080-exec-13 org.hibernate.cfg.SettingsFactory – Echoing all SQL to stdout
2015-01-15 14:26:22.0684 INFO http-bio-8080-exec-13 org.hibernate.cfg.SettingsFactory – Statistics: disabled
2015-01-15 14:26:22.0684 INFO http-bio-8080-exec-13 org.hibernate.cfg.SettingsFactory – Deleted entity synthetic identifier rollback: disabled
2015-01-15 14:26:22.0684 INFO http-bio-8080-exec-13 org.hibernate.cfg.SettingsFactory – Default entity-mode: pojo
2015-01-15 14:26:22.0684 INFO http-bio-8080-exec-13 org.hibernate.cfg.SettingsFactory – Named query checking : enabled
2015-01-15 14:26:22.0717 INFO http-bio-8080-exec-13 org.hibernate.impl.SessionFactoryImpl – building session factory
2015-01-15 14:26:22.0866 INFO http-bio-8080-exec-13 org.hibernate.impl.SessionFactoryObjectFactory – Not binding factory to JNDI, no JNDI name configured
2015-01-15 14:26:22.0873 INFO http-bio-8080-exec-13 org.hibernate.tool.hbm2ddl.SchemaExport – Running hbm2ddl schema export
2015-01-15 14:26:22.0873 INFO http-bio-8080-exec-13 org.hibernate.tool.hbm2ddl.SchemaExport – exporting generated schema to database
2015-01-15 14:26:22.0876 INFO http-bio-8080-exec-13 org.hibernate.tool.hbm2ddl.SchemaExport – schema export complete
2015-01-15 14:26:23.0095 INFO http-bio-8080-exec-13 org.springframework.security.access.intercept.aopalliance.MethodSecurityInterceptor – Validated configuration attributes
2015-01-15 14:26:23.0184 INFO http-bio-8080-exec-13 org.springframework.web.servlet.mvc.annotation.DefaultAnnotationHandlerMapping – Mapped URL path [/home/greetings.html] onto handler 'greetingController'
2015-01-15 14:26:23.0185 INFO http-bio-8080-exec-13 org.springframework.web.servlet.mvc.annotation.DefaultAnnotationHandlerMapping – Mapped URL path [/home/addgreeting.html] onto handler 'greetingController'
2015-01-15 14:26:23.0185 INFO http-bio-8080-exec-13 org.springframework.web.servlet.mvc.annotation.DefaultAnnotationHandlerMapping – Mapped URL path [/home/restrictedarea.html] onto handler 'greetingController'
2015-01-15 14:26:23.0320 INFO http-bio-8080-exec-13 org.springframework.orm.hibernate3.HibernateTransactionManager – Using DataSource [org.apache.commons.dbcp.BasicDataSource@ee66a6] of Hibernate SessionFactory for HibernateTransactionManager
2015-01-15 14:26:23.0384 INFO http-bio-8080-exec-13 org.springframework.security.provisioning.JdbcUserDetailsManager – No authentication manager set. Reauthentication of users when changing passwords will not be performed.
2015-01-15 14:26:23.0467 INFO http-bio-8080-exec-13 org.springframework.security.web.access.intercept.FilterSecurityInterceptor – Validated configuration attributes
2015-01-15 14:26:23.0627 INFO http-bio-8080-exec-13 org.springframework.web.context.ContextLoader – Root WebApplicationContext: initialization completed in 2356 ms
2015-01-15 14:26:23.0641 INFO http-bio-8080-exec-13 org.springframework.web.servlet.DispatcherServlet – FrameworkServlet 'greeter': initialization started
2015-01-15 14:26:23.0643 INFO http-bio-8080-exec-13 org.springframework.web.context.support.XmlWebApplicationContext – Refreshing WebApplicationContext for namespace 'greeter-servlet': startup date [Thu Jan 15 14:26:23 ECT 2015]; parent: Root WebApplicationContext
2015-01-15 14:26:23.0646 INFO http-bio-8080-exec-13 org.springframework.beans.factory.xml.XmlBeanDefinitionReader – Loading XML bean definitions from ServletContext resource [/WEB-INF/greeter-servlet.xml]
2015-01-15 14:26:23.0663 INFO http-bio-8080-exec-13 org.springframework.beans.factory.support.DefaultListableBeanFactory – Pre-instantiating singletons in org.springframework.beans.factory.support.DefaultListableBeanFactory@1259a6d: defining beans [viewResolver]; parent: org.springframework.beans.factory.support.DefaultListableBeanFactory@12e0d5f
2015-01-15 14:26:23.0698 INFO http-bio-8080-exec-13 org.springframework.web.servlet.DispatcherServlet – FrameworkServlet 'greeter': initialization completed in 57 ms
2015-01-15 14:26:41.0300 INFO http-bio-8080-exec-17 GreetingController – entering showAddGreetingPage
2015-01-15 14:26:48.0183 INFO http-bio-8080-exec-21 GreetingController – entering addGreetingAndShowAll
2015-01-15 14:26:53.0736 INFO http-bio-8080-exec-23 GreetingController – entering showAllGreetings
2015-01-15 14:27:01.0585 INFO http-bio-8080-exec-24 GreetingController – entering showAllGreetings
2015-01-15 14:27:12.0096 INFO http-bio-8080-exec-28 GreetingController – entering showAllGreetings
2015-01-15 14:27:13.0966 INFO http-bio-8080-exec-29 GreetingController – entering showAddGreetingPage
2015-01-15 14:27:29.0526 INFO http-bio-8080-exec-32 GreetingController – entering showAddGreetingPage
2015-01-15 14:27:33.0352 INFO http-bio-8080-exec-26 GreetingController – entering addGreetingAndShowAll
2015-01-15 14:27:36.0919 INFO http-bio-8080-exec-28 GreetingController – entering showAllGreetings
